<?xml version="1.0" encoding="UTF-8"?>
<testsuite xmlns:xsi="http://www.w3.org/2001/XMLSchema-instance" xsi:noNamespaceSchemaLocation="https://maven.apache.org/surefire/maven-surefire-plugin/xsd/surefire-test-report-3.0.xsd" version="3.0" name="it.polito.ezshop.acceptanceTests.Testezshop20210614" time="0.705" tests="32" errors="1" skipped="0" failures="3">
  <properties>
[...]
</properties>
  <testcase name="testRecordOrderArrivalRFIDNoLoc" classname="it.polito.ezshop.acceptanceTests.Testezshop20210614" time="0"/>
  <testcase name="testAddProductToSaleRFIDNegativeTId" classname="it.polito.ezshop.acceptanceTests.Testezshop20210614" time="0"/>
  <testcase name="testRecordOrderArrivalRFIDInvalidRFID" classname="it.polito.ezshop.acceptanceTests.Testezshop20210614" time="0.016"/>
  <testcase name="testReturnProductRFIDZeroTId" classname="it.polito.ezshop.acceptanceTests.Testezshop20210614" time="0.016"/>
  <testcase name="testReturnProductEmptyRFID" classname="it.polito.ezshop.acceptanceTests.Testezshop20210614" time="0"/>
  <testcase name="testDeleteProductFromSaleRFIDNotLogged" classname="it.polito.ezshop.acceptanceTests.Testezshop20210614" time="0.016"/>
  <testcase name="testDeleteProductFromSaleRFID" classname="it.polito.ezshop.acceptanceTests.Testezshop20210614" time="0.126">
    <failure message="Error in test testDeleteProductFromSaleRFID: This operation should not fail" type="java.lang.AssertionError">java.lang.AssertionError: Error in test testDeleteProductFromSaleRFID: This operation should not fail
	at it.polito.ezshop.acceptanceTests.Testezshop20210614.testDeleteProductFromSaleRFID(Testezshop20210614.java:747)
</failure>
  </testcase>
  <testcase name="testDeleteProductFromSaleRFIDNullRFID" classname="it.polito.ezshop.acceptanceTests.Testezshop20210614" time="0.063"/>
  <testcase name="testRecordOrderArrivalRFIDNegative" classname="it.polito.ezshop.acceptanceTests.Testezshop20210614" time="0"/>
  <testcase name="testRecordOrderRFIDNotLogged" classname="it.polito.ezshop.acceptanceTests.Testezshop20210614" time="0"/>
  <testcase name="testAddProductToSaleRFID" classname="it.polito.ezshop.acceptanceTests.Testezshop20210614" time="0.07">
    <failure message="Error in test testAddProductToSaleRFID: This operation should not fail" type="java.lang.AssertionError">java.lang.AssertionError: Error in test testAddProductToSaleRFID: This operation should not fail
	at it.polito.ezshop.acceptanceTests.Testezshop20210614.testAddProductToSaleRFID(Testezshop20210614.java:472)
</failure>
  </testcase>
  <testcase name="testAddProductToSaleRFIDEmptyRFID" classname="it.polito.ezshop.acceptanceTests.Testezshop20210614" time="0.004"/>
  <testcase name="testAddProductToSaleRFIDNullTId" classname="it.polito.ezshop.acceptanceTests.Testezshop20210614" time="0.017"/>
  <testcase name="testReturnProductRFIDNegativeTId" classname="it.polito.ezshop.acceptanceTests.Testezshop20210614" time="0"/>
  <testcase name="testRecordOrderArrivalRFIDNull" classname="it.polito.ezshop.acceptanceTests.Testezshop20210614" time="0.015"/>
  <testcase name="testRecordOrderArrivalRFIDZero" classname="it.polito.ezshop.acceptanceTests.Testezshop20210614" time="0"/>
  <testcase name="testReturnProductRFID" classname="it.polito.ezshop.acceptanceTests.Testezshop20210614" time="0.11">
    <failure message="Error in test testReturnProductRFID: Payment should not be considered invalid" type="java.lang.AssertionError">java.lang.AssertionError: Error in test testReturnProductRFID: Payment should not be considered invalid
	at it.polito.ezshop.acceptanceTests.Testezshop20210614.testReturnProductRFID(Testezshop20210614.java:827)
</failure>
    <system-out><![CDATA[Error! The return Transaction is not open]]></system-out>
    <system-err><![CDATA[it.polito.ezshop.exceptions.InvalidPaymentException
	at it.polito.ezshop.model.SaleTransactionModel.receiveCashPayment(SaleTransactionModel.java:120)
	at it.polito.ezshop.data.EZShop.receiveCashPayment(EZShop.java:433)
	at it.polito.ezshop.acceptanceTests.Testezshop20210614.testReturnProductRFID(Testezshop20210614.java:799)
	at sun.reflect.NativeMethodAccessorImpl.invoke0(Native Method)
	at sun.reflect.NativeMethodAccessorImpl.invoke(NativeMethodAccessorImpl.java:62)
	at sun.reflect.DelegatingMethodAccessorImpl.invoke(DelegatingMethodAccessorImpl.java:43)
	at java.lang.reflect.Method.invoke(Method.java:498)
	at org.junit.runners.model.FrameworkMethod$1.runReflectiveCall(FrameworkMethod.java:59)
	at org.junit.internal.runners.model.ReflectiveCallable.run(ReflectiveCallable.java:12)
	at org.junit.runners.model.FrameworkMethod.invokeExplosively(FrameworkMethod.java:56)
	at org.junit.internal.runners.statements.InvokeMethod.evaluate(InvokeMethod.java:17)
	at org.junit.internal.runners.statements.RunBefores.evaluate(RunBefores.java:26)
	at org.junit.runners.ParentRunner$3.evaluate(ParentRunner.java:306)
	at org.junit.runners.BlockJUnit4ClassRunner$1.evaluate(BlockJUnit4ClassRunner.java:100)
	at org.junit.runners.ParentRunner.runLeaf(ParentRunner.java:366)
	at org.junit.runners.BlockJUnit4ClassRunner.runChild(BlockJUnit4ClassRunner.java:103)
	at org.junit.runners.BlockJUnit4ClassRunner.runChild(BlockJUnit4ClassRunner.java:63)
	at org.junit.runners.ParentRunner$4.run(ParentRunner.java:331)
	at org.junit.runners.ParentRunner$1.schedule(ParentRunner.java:79)
	at org.junit.runners.ParentRunner.runChildren(ParentRunner.java:329)
	at org.junit.runners.ParentRunner.access$100(ParentRunner.java:66)
	at org.junit.runners.ParentRunner$2.evaluate(ParentRunner.java:293)
	at org.junit.internal.runners.statements.RunBefores.evaluate(RunBefores.java:26)
	at org.junit.internal.runners.statements.RunAfters.evaluate(RunAfters.java:27)
	at org.junit.runners.ParentRunner$3.evaluate(ParentRunner.java:306)
	at org.junit.runners.ParentRunner.run(ParentRunner.java:413)
	at org.apache.maven.surefire.junit4.JUnit4Provider.execute(JUnit4Provider.java:365)
	at org.apache.maven.surefire.junit4.JUnit4Provider.executeWithRerun(JUnit4Provider.java:273)
	at org.apache.maven.surefire.junit4.JUnit4Provider.executeTestSet(JUnit4Provider.java:238)
	at org.apache.maven.surefire.junit4.JUnit4Provider.invoke(JUnit4Provider.java:159)
	at org.apache.maven.surefire.booter.ForkedBooter.invokeProviderInSameClassLoader(ForkedBooter.java:384)
	at org.apache.maven.surefire.booter.ForkedBooter.runSuitesInProcess(ForkedBooter.java:345)
	at org.apache.maven.surefire.booter.ForkedBooter.execute(ForkedBooter.java:126)
	at org.apache.maven.surefire.booter.ForkedBooter.main(ForkedBooter.java:418)
]]></system-err>
  </testcase>
  <testcase name="testDeleteProductFromSaleRFIDNullTId" classname="it.polito.ezshop.acceptanceTests.Testezshop20210614" time="0"/>
  <testcase name="testRecordOrderRFIDNotAuthorized" classname="it.polito.ezshop.acceptanceTests.Testezshop20210614" time="0"/>
  <testcase name="testDeleteProductFromSaleRFIDEmptyRFID" classname="it.polito.ezshop.acceptanceTests.Testezshop20210614" time="0"/>
  <testcase name="testDeleteProductFromSaleRFIDInvalidRFID" classname="it.polito.ezshop.acceptanceTests.Testezshop20210614" time="0"/>
  <testcase name="testReturnProductInvalidRFID" classname="it.polito.ezshop.acceptanceTests.Testezshop20210614" time="0.091">
    <error message="Unexpected exception, expected&lt;it.polito.ezshop.exceptions.InvalidRFIDException&gt; but was&lt;java.lang.AssertionError&gt;" type="java.lang.Exception"><![CDATA[java.lang.Exception: Unexpected exception, expected<it.polito.ezshop.exceptions.InvalidRFIDException> but was<java.lang.AssertionError>
	at it.polito.ezshop.acceptanceTests.Testezshop20210614.testReturnProductInvalidRFID(Testezshop20210614.java:959)
]]></error>
    <system-err><![CDATA[it.polito.ezshop.exceptions.InvalidPaymentException
	at it.polito.ezshop.model.SaleTransactionModel.receiveCashPayment(SaleTransactionModel.java:120)
	at it.polito.ezshop.data.EZShop.receiveCashPayment(EZShop.java:433)
	at it.polito.ezshop.acceptanceTests.Testezshop20210614.testReturnProductInvalidRFID(Testezshop20210614.java:926)
	at sun.reflect.NativeMethodAccessorImpl.invoke0(Native Method)
	at sun.reflect.NativeMethodAccessorImpl.invoke(NativeMethodAccessorImpl.java:62)
	at sun.reflect.DelegatingMethodAccessorImpl.invoke(DelegatingMethodAccessorImpl.java:43)
	at java.lang.reflect.Method.invoke(Method.java:498)
	at org.junit.runners.model.FrameworkMethod$1.runReflectiveCall(FrameworkMethod.java:59)
	at org.junit.internal.runners.model.ReflectiveCallable.run(ReflectiveCallable.java:12)
	at org.junit.runners.model.FrameworkMethod.invokeExplosively(FrameworkMethod.java:56)
	at org.junit.internal.runners.statements.InvokeMethod.evaluate(InvokeMethod.java:17)
	at org.junit.internal.runners.statements.ExpectException.evaluate(ExpectException.java:19)
	at org.junit.internal.runners.statements.RunBefores.evaluate(RunBefores.java:26)
	at org.junit.runners.ParentRunner$3.evaluate(ParentRunner.java:306)
	at org.junit.runners.BlockJUnit4ClassRunner$1.evaluate(BlockJUnit4ClassRunner.java:100)
	at org.junit.runners.ParentRunner.runLeaf(ParentRunner.java:366)
	at org.junit.runners.BlockJUnit4ClassRunner.runChild(BlockJUnit4ClassRunner.java:103)
	at org.junit.runners.BlockJUnit4ClassRunner.runChild(BlockJUnit4ClassRunner.java:63)
	at org.junit.runners.ParentRunner$4.run(ParentRunner.java:331)
	at org.junit.runners.ParentRunner$1.schedule(ParentRunner.java:79)
	at org.junit.runners.ParentRunner.runChildren(ParentRunner.java:329)
	at org.junit.runners.ParentRunner.access$100(ParentRunner.java:66)
	at org.junit.runners.ParentRunner$2.evaluate(ParentRunner.java:293)
	at org.junit.internal.runners.statements.RunBefores.evaluate(RunBefores.java:26)
	at org.junit.internal.runners.statements.RunAfters.evaluate(RunAfters.java:27)
	at org.junit.runners.ParentRunner$3.evaluate(ParentRunner.java:306)
	at org.junit.runners.ParentRunner.run(ParentRunner.java:413)
	at org.apache.maven.surefire.junit4.JUnit4Provider.execute(JUnit4Provider.java:365)
	at org.apache.maven.surefire.junit4.JUnit4Provider.executeWithRerun(JUnit4Provider.java:273)
	at org.apache.maven.surefire.junit4.JUnit4Provider.executeTestSet(JUnit4Provider.java:238)
	at org.apache.maven.surefire.junit4.JUnit4Provider.invoke(JUnit4Provider.java:159)
	at org.apache.maven.surefire.booter.ForkedBooter.invokeProviderInSameClassLoader(ForkedBooter.java:384)
	at org.apache.maven.surefire.booter.ForkedBooter.runSuitesInProcess(ForkedBooter.java:345)
	at org.apache.maven.surefire.booter.ForkedBooter.execute(ForkedBooter.java:126)
	at org.apache.maven.surefire.booter.ForkedBooter.main(ForkedBooter.java:418)
]]></system-err>
  </testcase>
  <testcase name="testAddProductToSaleRFIDZeroTId" classname="it.polito.ezshop.acceptanceTests.Testezshop20210614" time="0"/>
  <testcase name="testReturnProductRFIDNullTId" classname="it.polito.ezshop.acceptanceTests.Testezshop20210614" time="0"/>
  <testcase name="testAddProductToSaleRFIDInvalidRFID" classname="it.polito.ezshop.acceptanceTests.Testezshop20210614" time="0"/>
  <testcase name="testReturnProductNullRFID" classname="it.polito.ezshop.acceptanceTests.Testezshop20210614" time="0"/>
  <testcase name="testDeleteProductFromSaleRFIDZeroTId" classname="it.polito.ezshop.acceptanceTests.Testezshop20210614" time="0"/>
  <testcase name="testRecordOrderArrivalRFID" classname="it.polito.ezshop.acceptanceTests.Testezshop20210614" time="0.094"/>
  <testcase name="testAddProductToSaleRFIDNotLogged" classname="it.polito.ezshop.acceptanceTests.Testezshop20210614" time="0.032"/>
  <testcase name="testDeleteProductFromSaleRFIDNegativeTId" classname="it.polito.ezshop.acceptanceTests.Testezshop20210614" time="0"/>
  <testcase name="testReturnProductRFIDNotLogged" classname="it.polito.ezshop.acceptanceTests.Testezshop20210614" time="0"/>
  <testcase name="testRecordOrderArrivalRFIDOrderIDNotExisting" classname="it.polito.ezshop.acceptanceTests.Testezshop20210614" time="0.015"/>
</testsuite>