<?xml version="1.0" encoding="UTF-8"?>
<testsuite xmlns:xsi="http://www.w3.org/2001/XMLSchema-instance" xsi:noNamespaceSchemaLocation="https://maven.apache.org/surefire/maven-surefire-plugin/xsd/surefire-test-report-3.0.xsd" version="3.0" name="it.polito.ezshop.integrationTests.step7.TestOrderModel" time="0.372" tests="6" errors="0" skipped="0" failures="0">
  <properties>
[...]
</properties>
  <testcase name="testPayOrderFor" classname="it.polito.ezshop.integrationTests.step7.TestOrderModel" time="0"/>
  <testcase name="testRecordOrderArrival" classname="it.polito.ezshop.integrationTests.step7.TestOrderModel" time="0.085"/>
  <testcase name="testGetAllOrders" classname="it.polito.ezshop.integrationTests.step7.TestOrderModel" time="0.056"/>
  <testcase name="testIssueOrder" classname="it.polito.ezshop.integrationTests.step7.TestOrderModel" time="0.031"/>
  <testcase name="testRecordOrderArrivalRFID" classname="it.polito.ezshop.integrationTests.step7.TestOrderModel" time="0.176"/>
  <testcase name="testPayOrder" classname="it.polito.ezshop.integrationTests.step7.TestOrderModel" time="0.021"/>
</testsuite>